<?xml version="1.0" encoding="UTF-8"?>
<Site BuildName="Win32-mingw32-make"
	BuildStamp="20251215-0352-Experimental"
	Name="DESKTOP-051V0EO"
	Generator="ctest-4.2.1"
	CompilerName="C:/Users/hasee/.mingw/x86_64-15.2.0-release-win32-seh-ucrt-rt_v13-rev0/mingw64/bin/g++.exe"
	CompilerVersion="15.2.0"
	OSName="Windows"
	Hostname="DESKTOP-051V0EO"
	OSRelease="10.0.19045"
	OSVersion="Windows 10"
	OSPlatform="AMD64"
	Is64Bits="1"
	VendorString="GenuineIntel"
	VendorID="Intel Corporation"
	FamilyID="6"
	ModelID="5"
	ModelName=""
	ProcessorCacheSize="-1"
	NumberOfLogicalCPU="12"
	NumberOfPhysicalCPU="6"
	TotalVirtualMemory="34635"
	TotalPhysicalMemory="32587"
	LogicalProcessorsPerPhysical="2"
	ProcessorClockFrequency="2904"
	>
	<Testing>
		<StartDateTime>Dec 15 15:37 中国标准时间</StartDateTime>
		<StartTestTime>1765784248</StartTestTime>
		<TestList/>
		<EndDateTime>Dec 15 15:37 中国标准时间</EndDateTime>
		<EndTestTime>1765784248</EndTestTime>
		<ElapsedMinutes>0</ElapsedMinutes>
	</Testing>
</Site>
